	"http://i.gtimg.cn/qqlive/img/jpgcache/files/qqvideo/j/j2ds2l9ml6rq7ht_x.jpg":"不存在，新入文件：http://img-1-sky-fs.skysrt.com/qqlive/img/jpgcache/files/qqvideo/j/j2ds2l9ml6rq7ht_x.jpg",
	"http://i.gtimg.cn/qqlive/img/jpgcache/files/qqvideo/hori/j/j2ds2l9ml6rq7ht_big.jpg":"不存在，新入文件：http://img-1-sky-fs.skysrt.com/qqlive/img/jpgcache/files/qqvideo/hori/j/j2ds2l9ml6rq7ht_big.jpg",
	"http://cn-vmc-images.alicdn.com/vmac/10000000050E00005EFC22586AEB660D811DB6F8":"不存在，新入文件：http://img-1-sky-fs.skysrt.com/vmac/10000000050E00005EFC22586AEB660D811DB6F8",
	"http://cn-vmc-images.alicdn.com/vmac/10000000050C00005EFC225D6AEB660D810A8BE7":"不存在，新入文件：http://img-1-sky-fs.skysrt.com/vmac/10000000050C00005EFC225D6AEB660D810A8BE7"
	"http://i.gtimg.cn/qqlive/img/jpgcache/files/qqvideo/u/ucosn5unc2lycg7_x.jpg":"不存在，新入文件：http://img-1-sky-fs.skysrt.com/qqlive/img/jpgcache/files/qqvideo/u/ucosn5unc2lycg7_x.jpg",
	"http://i.gtimg.cn/qqlive/img/jpgcache/files/qqvideo/hori/u/ucosn5unc2lycg7_big.jpg":"不存在，新入文件：http://img-1-sky-fs.skysrt.com/qqlive/img/jpgcache/files/qqvideo/hori/u/ucosn5unc2lycg7_big.jpg",
	"http://cn-vmc-images.alicdn.com/vmac/10000000050E000061FF8F8D13F7FF09D7E68F5D":"不存在，新入文件：http://img-1-sky-fs.skysrt.com/vmac/10000000050E000061FF8F8D13F7FF09D7E68F5D",
	"http://cn-vmc-images.alicdn.com/vmac/10000000050C000061FF8F9313F7FF09D74034D9":"不存在，新入文件：http://img-1-sky-fs.skysrt.com/vmac/10000000050C000061FF8F9313F7FF09D74034D9"
	"http://i.gtimg.cn/qqlive/img/jpgcache/files/qqvideo/7/7hch2z28gex15yk_x.jpg":"不存在，新入文件：http://img-1-sky-fs.skysrt.com/qqlive/img/jpgcache/files/qqvideo/7/7hch2z28gex15yk_x.jpg",
	"http://i.gtimg.cn/qqlive/img/jpgcache/files/qqvideo/hori/7/7hch2z28gex15yk_big.jpg":"不存在，新入文件：http://img-1-sky-fs.skysrt.com/qqlive/img/jpgcache/files/qqvideo/hori/7/7hch2z28gex15yk_big.jpg",
	"http://cn-vmc-images.alicdn.com/vmac/10000000050E00005F8FD1AF2027EE08636B4652":"不存在，新入文件：http://img-1-sky-fs.skysrt.com/vmac/10000000050E00005F8FD1AF2027EE08636B4652",
	"http://cn-vmc-images.alicdn.com/vmac/10000000050C00005F8FD1B52027EE0863602700":"不存在，新入文件：http://img-1-sky-fs.skysrt.com/vmac/10000000050C00005F8FD1B52027EE0863602700"
	"http://i.gtimg.cn/qqlive/img/jpgcache/files/qqvideo/6/6fxbsl2jfzfkvrm_x.jpg":"不存在，新入文件：http://img-1-sky-fs.skysrt.com/qqlive/img/jpgcache/files/qqvideo/6/6fxbsl2jfzfkvrm_x.jpg",
	"http://i.gtimg.cn/qqlive/img/jpgcache/files/qqvideo/hori/6/6fxbsl2jfzfkvrm_big.jpg":"不存在，新入文件：http://img-1-sky-fs.skysrt.com/qqlive/img/jpgcache/files/qqvideo/hori/6/6fxbsl2jfzfkvrm_big.jpg",
	"http://cn-vmc-images.alicdn.com/vmac/10000000050E00005D19921F425BD9189FFE6D86":"不存在，新入文件：http://img-1-sky-fs.skysrt.com/vmac/10000000050E00005D19921F425BD9189FFE6D86",
	"http://cn-vmc-images.alicdn.com/vmac/10000000050C00005C6FAE86ADA7B2FB0B065174":"不存在，新入文件：http://img-1-sky-fs.skysrt.com/vmac/10000000050C00005C6FAE86ADA7B2FB0B065174",
	"http://i.gtimg.cn/qqlive/img/jpgcache/files/qqvideo/6/674e583e6uvrhxb_x.jpg":"不存在，新入文件：http://img-1-sky-fs.skysrt.com/qqlive/img/jpgcache/files/qqvideo/6/674e583e6uvrhxb_x.jpg",
	"http://i.gtimg.cn/qqlive/img/jpgcache/files/qqvideo/hori/6/674e583e6uvrhxb_big.jpg":"不存在，新入文件：http://img-1-sky-fs.skysrt.com/qqlive/img/jpgcache/files/qqvideo/hori/6/674e583e6uvrhxb_big.jpg",
	"http://cn-vmc-images.alicdn.com/vmac/10000000050E00005D6DD5E9425BD9AFDA8EF67A":"不存在，新入文件：http://img-1-sky-fs.skysrt.com/vmac/10000000050E00005D6DD5E9425BD9AFDA8EF67A",
	"http://cn-vmc-images.alicdn.com/vmac/10000000050C00005C73B821ADA7B2A6EA08C06B":"不存在，新入文件：http://img-1-sky-fs.skysrt.com/vmac/10000000050C00005C73B821ADA7B2A6EA08C06B"
	"http://i.gtimg.cn/qqlive/img/jpgcache/files/qqvideo/w/wdpm62rqjfm6wgv_x.jpg":"不存在，新入文件：http://img-1-sky-fs.skysrt.com/qqlive/img/jpgcache/files/qqvideo/w/wdpm62rqjfm6wgv_x.jpg",
	"http://i.gtimg.cn/qqlive/img/jpgcache/files/qqvideo/hori/w/wdpm62rqjfm6wgv_big.jpg":"不存在，新入文件：http://img-1-sky-fs.skysrt.com/qqlive/img/jpgcache/files/qqvideo/hori/w/wdpm62rqjfm6wgv_big.jpg",
	"http://cn-vmc-images.alicdn.com/vmac/10000000050E00005E290346ADA7B2BAF205EC2F":"不存在，新入文件：http://img-1-sky-fs.skysrt.com/vmac/10000000050E00005E290346ADA7B2BAF205EC2F",
	"http://cn-vmc-images.alicdn.com/vmac/10000000050C00005E290344ADA7B2A1CF008A1D":"不存在，新入文件：http://img-1-sky-fs.skysrt.com/vmac/10000000050C00005E290344ADA7B2A1CF008A1D",
	"http://i.gtimg.cn/qqlive/img/jpgcache/files/qqvideo/j/jronnl98dt6a11m_x.jpg":"不存在，新入文件：http://img-1-sky-fs.skysrt.com/qqlive/img/jpgcache/files/qqvideo/j/jronnl98dt6a11m_x.jpg",
	"http://i.gtimg.cn/qqlive/img/jpgcache/files/qqvideo/hori/j/jronnl98dt6a11m_big.jpg":"不存在，新入文件：http://img-1-sky-fs.skysrt.com/qqlive/img/jpgcache/files/qqvideo/hori/j/jronnl98dt6a11m_big.jpg",
	"http://cn-vmc-images.alicdn.com/vmac/10000000050E00005D09B0E7859B5EEA7209818E":"不存在，新入文件：http://img-1-sky-fs.skysrt.com/vmac/10000000050E00005D09B0E7859B5EEA7209818E",
	"http://cn-vmc-images.alicdn.com/vmac/10000000050C00005D09B0E4859B5E1A2108077E":"不存在，新入文件：http://img-1-sky-fs.skysrt.com/vmac/10000000050C00005D09B0E4859B5E1A2108077E"
	"http://i.gtimg.cn/qqlive/img/jpgcache/files/qqvideo/k/kyzbvj6dtokhxa3_x.jpg":"不存在，新入文件：http://img-1-sky-fs.skysrt.com/qqlive/img/jpgcache/files/qqvideo/k/kyzbvj6dtokhxa3_x.jpg",
	"http://i.gtimg.cn/qqlive/img/jpgcache/files/qqvideo/hori/k/kyzbvj6dtokhxa3_big.jpg":"不存在，新入文件：http://img-1-sky-fs.skysrt.com/qqlive/img/jpgcache/files/qqvideo/hori/k/kyzbvj6dtokhxa3_big.jpg",
	"http://cn-vmc-images.alicdn.com/vmac/10000000050E00005D1424A9425BD9189FA9B25B":"不存在，新入文件：http://img-1-sky-fs.skysrt.com/vmac/10000000050E00005D1424A9425BD9189FA9B25B",
	"http://cn-vmc-images.alicdn.com/vmac/10000000050C00005ADAEE9F859B5CB4080A5064":"不存在，新入文件：http://img-1-sky-fs.skysrt.com/vmac/10000000050C00005ADAEE9F859B5CB4080A5064",
	"http://i.gtimg.cn/qqlive/img/jpgcache/files/qqvideo/r/rohkpaz9k34e3az_x.jpg":"不存在，新入文件：http://img-1-sky-fs.skysrt.com/qqlive/img/jpgcache/files/qqvideo/r/rohkpaz9k34e3az_x.jpg",
	"http://i.gtimg.cn/qqlive/img/jpgcache/files/qqvideo/hori/r/rohkpaz9k34e3az_big.jpg":"不存在，新入文件：http://img-1-sky-fs.skysrt.com/qqlive/img/jpgcache/files/qqvideo/hori/r/rohkpaz9k34e3az_big.jpg",
	"http://cn-vmc-images.alicdn.com/vmac/10000000050E00005D142471425BD9189FCB0F83":"不存在，新入文件：http://img-1-sky-fs.skysrt.com/vmac/10000000050E00005D142471425BD9189FCB0F83",
	"http://cn-vmc-images.alicdn.com/vmac/10000000050C00005A546C05ADBDD3231401522F":"不存在，新入文件：http://img-1-sky-fs.skysrt.com/vmac/10000000050C00005A546C05ADBDD3231401522F"
	"http://i.gtimg.cn/qqlive/img/jpgcache/files/qqvideo/i/izyr0vv1msvzlgk_x.jpg":"不存在，新入文件：http://img-1-sky-fs.skysrt.com/qqlive/img/jpgcache/files/qqvideo/i/izyr0vv1msvzlgk_x.jpg",
	"http://i.gtimg.cn/qqlive/img/jpgcache/files/qqvideo/hori/i/izyr0vv1msvzlgk_big.jpg":"不存在，新入文件：http://img-1-sky-fs.skysrt.com/qqlive/img/jpgcache/files/qqvideo/hori/i/izyr0vv1msvzlgk_big.jpg",
	"http://cn-vmc-images.alicdn.com/vmac/10000000050E00005D0AFA80859B5ED17B0BD2C1":"不存在，新入文件：http://img-1-sky-fs.skysrt.com/vmac/10000000050E00005D0AFA80859B5ED17B0BD2C1",
	"http://cn-vmc-images.alicdn.com/vmac/10000000050C00005D0AFA75859B5E13540AC7B4":"不存在，新入文件：http://img-1-sky-fs.skysrt.com/vmac/10000000050C00005D0AFA75859B5E13540AC7B4"
	"http://i.gtimg.cn/qqlive/img/jpgcache/files/qqvideo/3/3h5o6gj00ir4y0v_x.jpg":"不存在，新入文件：http://img-1-sky-fs.skysrt.com/qqlive/img/jpgcache/files/qqvideo/3/3h5o6gj00ir4y0v_x.jpg",
	"http://i.gtimg.cn/qqlive/img/jpgcache/files/qqvideo/hori/3/3h5o6gj00ir4y0v_big.jpg":"不存在，新入文件：http://img-1-sky-fs.skysrt.com/qqlive/img/jpgcache/files/qqvideo/hori/3/3h5o6gj00ir4y0v_big.jpg",
	"http://cn-vmc-images.alicdn.com/vmac/10000000050E00005D3FCD45425BD91F5BB380E6":"不存在，新入文件：http://img-1-sky-fs.skysrt.com/vmac/10000000050E00005D3FCD45425BD91F5BB380E6",
	"http://cn-vmc-images.alicdn.com/vmac/10000000050C00005C6E55CEADB1858CC00F2E6D":"不存在，新入文件：http://img-1-sky-fs.skysrt.com/vmac/10000000050C00005C6E55CEADB1858CC00F2E6D",
	"http://i.gtimg.cn/qqlive/img/jpgcache/files/qqvideo/g/gvj2bnmdkopr9hk_x.jpg":"不存在，新入文件：http://img-1-sky-fs.skysrt.com/qqlive/img/jpgcache/files/qqvideo/g/gvj2bnmdkopr9hk_x.jpg",
	"http://i.gtimg.cn/qqlive/img/jpgcache/files/qqvideo/hori/g/gvj2bnmdkopr9hk_big.jpg":"不存在，新入文件：http://img-1-sky-fs.skysrt.com/qqlive/img/jpgcache/files/qqvideo/hori/g/gvj2bnmdkopr9hk_big.jpg",
	"http://cn-vmc-images.alicdn.com/vmac/10000000050E00005DF1B7991B76913F3D05A4AF":"不存在，新入文件：http://img-1-sky-fs.skysrt.com/vmac/10000000050E00005DF1B7991B76913F3D05A4AF",
	"http://cn-vmc-images.alicdn.com/vmac/10000000050C00005DF1B7951B7691B1EB044F8B":"不存在，新入文件：http://img-1-sky-fs.skysrt.com/vmac/10000000050C00005DF1B7951B7691B1EB044F8B"
	"http://i.gtimg.cn/qqlive/img/jpgcache/files/qqvideo/5/5nxkwo4j4qoo8pd_x.jpg":"不存在，新入文件：http://img-1-sky-fs.skysrt.com/qqlive/img/jpgcache/files/qqvideo/5/5nxkwo4j4qoo8pd_x.jpg",
	"http://i.gtimg.cn/qqlive/img/jpgcache/files/qqvideo/hori/5/5nxkwo4j4qoo8pd_big.jpg":"不存在，新入文件：http://img-1-sky-fs.skysrt.com/qqlive/img/jpgcache/files/qqvideo/hori/5/5nxkwo4j4qoo8pd_big.jpg",
	"http://cn-vmc-images.alicdn.com/vmac/10000000050E00005D0C68681B76912F5D0DDC1E":"不存在，新入文件：http://img-1-sky-fs.skysrt.com/vmac/10000000050E00005D0C68681B76912F5D0DDC1E",
	"http://cn-vmc-images.alicdn.com/vmac/10000000050C00005D0C68631B769129FC013CC6":"不存在，新入文件：http://img-1-sky-fs.skysrt.com/vmac/10000000050C00005D0C68631B769129FC013CC6",
	"http://i.gtimg.cn/qqlive/img/jpgcache/files/qqvideo/f/fwgyqhho2cm6hh9_x.jpg":"不存在，新入文件：http://img-1-sky-fs.skysrt.com/qqlive/img/jpgcache/files/qqvideo/f/fwgyqhho2cm6hh9_x.jpg",
	"http://i.gtimg.cn/qqlive/img/jpgcache/files/qqvideo/hori/f/fwgyqhho2cm6hh9_big.jpg":"不存在，新入文件：http://img-1-sky-fs.skysrt.com/qqlive/img/jpgcache/files/qqvideo/hori/f/fwgyqhho2cm6hh9_big.jpg",
	"http://cn-vmc-images.alicdn.com/vmac/10000000050E00005FF42AC813EA35087CA8F614":"不存在，新入文件：http://img-1-sky-fs.skysrt.com/vmac/10000000050E00005FF42AC813EA35087CA8F614",
	"http://cn-vmc-images.alicdn.com/vmac/10000000050C00005FF42AF513EA35087C0391F3":"不存在，新入文件：http://img-1-sky-fs.skysrt.com/vmac/10000000050C00005FF42AF513EA35087C0391F3"
	"http://i.gtimg.cn/qqlive/img/jpgcache/files/qqvideo/b/bs3ra9i5t6slp8d_x.jpg":"不存在，新入文件：http://img-1-sky-fs.skysrt.com/qqlive/img/jpgcache/files/qqvideo/b/bs3ra9i5t6slp8d_x.jpg",
	"http://i.gtimg.cn/qqlive/img/jpgcache/files/qqvideo/hori/b/bs3ra9i5t6slp8d_big.jpg":"不存在，新入文件：http://img-1-sky-fs.skysrt.com/qqlive/img/jpgcache/files/qqvideo/hori/b/bs3ra9i5t6slp8d_big.jpg",
	"http://cn-vmc-images.alicdn.com/vmac/10000000050E00005D5652DD425BD9AFDAFBE0BD":"不存在，新入文件：http://img-1-sky-fs.skysrt.com/vmac/10000000050E00005D5652DD425BD9AFDAFBE0BD",
	"http://cn-vmc-images.alicdn.com/vmac/10000000050C00005A07FC3FADBA1FA9BD0F11B6":"不存在，新入文件：http://img-1-sky-fs.skysrt.com/vmac/10000000050C00005A07FC3FADBA1FA9BD0F11B6",
	"http://i.gtimg.cn/qqlive/img/jpgcache/files/qqvideo/y/y2ino5ltzal8yuf_x.jpg":"不存在，新入文件：http://img-1-sky-fs.skysrt.com/qqlive/img/jpgcache/files/qqvideo/y/y2ino5ltzal8yuf_x.jpg",
	"http://i.gtimg.cn/qqlive/img/jpgcache/files/qqvideo/hori/y/y2ino5ltzal8yuf_big.jpg":"不存在，新入文件：http://img-1-sky-fs.skysrt.com/qqlive/img/jpgcache/files/qqvideo/hori/y/y2ino5ltzal8yuf_big.jpg",
	"http://cn-vmc-images.alicdn.com/vmac/10000000050E00005D0C9F64859B5EFA2F0CB902":"不存在，新入文件：http://img-1-sky-fs.skysrt.com/vmac/10000000050E00005D0C9F64859B5EFA2F0CB902",
	"http://cn-vmc-images.alicdn.com/vmac/10000000050C00005D0C9F61859B5EFDC4016B40":"不存在，新入文件：http://img-1-sky-fs.skysrt.com/vmac/10000000050C00005D0C9F61859B5EFDC4016B40"
	"http://i.gtimg.cn/qqlive/img/jpgcache/files/qqvideo/x/xzpg94x3shc5xjo_x.jpg":"不存在，新入文件：http://img-1-sky-fs.skysrt.com/qqlive/img/jpgcache/files/qqvideo/x/xzpg94x3shc5xjo_x.jpg",
	"http://i.gtimg.cn/qqlive/img/jpgcache/files/qqvideo/hori/x/xzpg94x3shc5xjo_big.jpg":"不存在，新入文件：http://img-1-sky-fs.skysrt.com/qqlive/img/jpgcache/files/qqvideo/hori/x/xzpg94x3shc5xjo_big.jpg",
	"http://cn-vmc-images.alicdn.com/vmac/10000000050E00005D0C95F7425BD933A52919D8":"不存在，新入文件：http://img-1-sky-fs.skysrt.com/vmac/10000000050E00005D0C95F7425BD933A52919D8",
	"http://cn-vmc-images.alicdn.com/vmac/10000000050C000059880D22859B5C04AE038E73":"不存在，新入文件：http://img-1-sky-fs.skysrt.com/vmac/10000000050C000059880D22859B5C04AE038E73",
	"http://i.gtimg.cn/qqlive/img/jpgcache/files/qqvideo/v/v8xh6345jm8gmnz_x.jpg":"不存在，新入文件：http://img-1-sky-fs.skysrt.com/qqlive/img/jpgcache/files/qqvideo/v/v8xh6345jm8gmnz_x.jpg",
	"http://i.gtimg.cn/qqlive/img/jpgcache/files/qqvideo/hori/v/v8xh6345jm8gmnz_big.jpg":"不存在，新入文件：http://img-1-sky-fs.skysrt.com/qqlive/img/jpgcache/files/qqvideo/hori/v/v8xh6345jm8gmnz_big.jpg",
	"http://cn-vmc-images.alicdn.com/vmac/10000000050E00005D12D6951B7691A2360C14AE":"不存在，新入文件：http://img-1-sky-fs.skysrt.com/vmac/10000000050E00005D12D6951B7691A2360C14AE",
	"http://cn-vmc-images.alicdn.com/vmac/10000000050C00005D12D6921B7691A7E40700C3":"不存在，新入文件：http://img-1-sky-fs.skysrt.com/vmac/10000000050C00005D12D6921B7691A7E40700C3"
	"http://i.gtimg.cn/qqlive/img/jpgcache/files/qqvideo/c/c6qeu8029tf1s8v_x.jpg":"不存在，新入文件：http://img-1-sky-fs.skysrt.com/qqlive/img/jpgcache/files/qqvideo/c/c6qeu8029tf1s8v_x.jpg",
	"http://i.gtimg.cn/qqlive/img/jpgcache/files/qqvideo/hori/c/c6qeu8029tf1s8v_big.jpg":"不存在，新入文件：http://img-1-sky-fs.skysrt.com/qqlive/img/jpgcache/files/qqvideo/hori/c/c6qeu8029tf1s8v_big.jpg",
	"http://cn-vmc-images.alicdn.com/vmac/10000000050E00005D0C6A291B76912B630CA954":"不存在，新入文件：http://img-1-sky-fs.skysrt.com/vmac/10000000050E00005D0C6A291B76912B630CA954",
	"http://cn-vmc-images.alicdn.com/vmac/10000000050C00005D0C6A221B76912D16091E21":"不存在，新入文件：http://img-1-sky-fs.skysrt.com/vmac/10000000050C00005D0C6A221B76912D16091E21",
	"http://i.gtimg.cn/qqlive/img/jpgcache/files/qqvideo/6/6bg8iqspat022pe_x.jpg":"不存在，新入文件：http://img-1-sky-fs.skysrt.com/qqlive/img/jpgcache/files/qqvideo/6/6bg8iqspat022pe_x.jpg",
	"http://i.gtimg.cn/qqlive/img/jpgcache/files/qqvideo/hori/6/6bg8iqspat022pe_big.jpg":"不存在，新入文件：http://img-1-sky-fs.skysrt.com/qqlive/img/jpgcache/files/qqvideo/hori/6/6bg8iqspat022pe_big.jpg",
	"http://cn-vmc-images.alicdn.com/vmac/10000000050E00005D0C6B4A859B5EFFEE0A36E2":"不存在，新入文件：http://img-1-sky-fs.skysrt.com/vmac/10000000050E00005D0C6B4A859B5EFFEE0A36E2",
	"http://cn-vmc-images.alicdn.com/vmac/10000000050C00005D0C6B46859B5EFCF605D8C8":"不存在，新入文件：http://img-1-sky-fs.skysrt.com/vmac/10000000050C00005D0C6B46859B5EFCF605D8C8",
	"http://i.gtimg.cn/qqlive/img/jpgcache/files/qqvideo/p/payiybxp4hnpkqo_x.jpg":"不存在，新入文件：http://img-1-sky-fs.skysrt.com/qqlive/img/jpgcache/files/qqvideo/p/payiybxp4hnpkqo_x.jpg",
	"http://i.gtimg.cn/qqlive/img/jpgcache/files/qqvideo/hori/p/payiybxp4hnpkqo_big.jpg":"不存在，新入文件：http://img-1-sky-fs.skysrt.com/qqlive/img/jpgcache/files/qqvideo/hori/p/payiybxp4hnpkqo_big.jpg",
	"http://cn-vmc-images.alicdn.com/vmac/10000000050E00005E2903321B7691E7D60BF941":"不存在，新入文件：http://img-1-sky-fs.skysrt.com/vmac/10000000050E00005E2903321B7691E7D60BF941",
	"http://cn-vmc-images.alicdn.com/vmac/10000000050C00005E2903301B7691E29D00EECC":"不存在，新入文件：http://img-1-sky-fs.skysrt.com/vmac/10000000050C00005E2903301B7691E29D00EECC"
	"http://i.gtimg.cn/qqlive/img/jpgcache/files/qqvideo/q/qdie9z32eso1u1g_x.jpg":"不存在，新入文件：http://img-1-sky-fs.skysrt.com/qqlive/img/jpgcache/files/qqvideo/q/qdie9z32eso1u1g_x.jpg",
	"http://i.gtimg.cn/qqlive/img/jpgcache/files/qqvideo/hori/q/qdie9z32eso1u1g_big.jpg":"不存在，新入文件：http://img-1-sky-fs.skysrt.com/qqlive/img/jpgcache/files/qqvideo/hori/q/qdie9z32eso1u1g_big.jpg",
	"http://cn-vmc-images.alicdn.com/vmac/10000000050E00005D63BA5F425BD9AFDAF86DCA":"不存在，新入文件：http://img-1-sky-fs.skysrt.com/vmac/10000000050E00005D63BA5F425BD9AFDAF86DCA",
	"http://cn-vmc-images.alicdn.com/vmac/10000000050C00005AD9B86B859B5EAF150026F8":"不存在，新入文件：http://img-1-sky-fs.skysrt.com/vmac/10000000050C00005AD9B86B859B5EAF150026F8",
	"http://i.gtimg.cn/qqlive/img/jpgcache/files/qqvideo/1/17g9caq0s67iz7t_x.jpg":"不存在，新入文件：http://img-1-sky-fs.skysrt.com/qqlive/img/jpgcache/files/qqvideo/1/17g9caq0s67iz7t_x.jpg",
	"http://i.gtimg.cn/qqlive/img/jpgcache/files/qqvideo/hori/1/17g9caq0s67iz7t_big.jpg":"不存在，新入文件：http://img-1-sky-fs.skysrt.com/qqlive/img/jpgcache/files/qqvideo/hori/1/17g9caq0s67iz7t_big.jpg",
	"http://cn-vmc-images.alicdn.com/vmac/10000000050E00005D19921A425BD9189FD15E73":"不存在，新入文件：http://img-1-sky-fs.skysrt.com/vmac/10000000050E00005D19921A425BD9189FD15E73",
	"http://cn-vmc-images.alicdn.com/vmac/10000000050C00005AD9C2A1ADBA1FD6C0042E00":"不存在，新入文件：http://img-1-sky-fs.skysrt.com/vmac/10000000050C00005AD9C2A1ADBA1FD6C0042E00",
	"http://i.gtimg.cn/qqlive/img/jpgcache/files/qqvideo/p/pr4mylkrdn2t5b9_x.jpg":"不存在，新入文件：http://img-1-sky-fs.skysrt.com/qqlive/img/jpgcache/files/qqvideo/p/pr4mylkrdn2t5b9_x.jpg",
	"http://i.gtimg.cn/qqlive/img/jpgcache/files/qqvideo/hori/p/pr4mylkrdn2t5b9_big.jpg":"不存在，新入文件：http://img-1-sky-fs.skysrt.com/qqlive/img/jpgcache/files/qqvideo/hori/p/pr4mylkrdn2t5b9_big.jpg",
	"http://cn-vmc-images.alicdn.com/vmac/10000000050E400059E6B2AFADBC09780600226C":"不存在，新入文件：http://img-1-sky-fs.skysrt.com/vmac/10000000050E400059E6B2AFADBC09780600226C",
	"http://cn-vmc-images.alicdn.com/vmac/10000000050C000059E6B25DADBA1FF16009A025":"不存在，新入文件：http://img-1-sky-fs.skysrt.com/vmac/10000000050C000059E6B25DADBA1FF16009A025",
	"http://i.gtimg.cn/qqlive/img/jpgcache/files/qqvideo/d/de2gegent7pknra_x.jpg":"不存在，新入文件：http://img-1-sky-fs.skysrt.com/qqlive/img/jpgcache/files/qqvideo/d/de2gegent7pknra_x.jpg",
	"http://i.gtimg.cn/qqlive/img/jpgcache/files/qqvideo/hori/d/de2gegent7pknra_big.jpg":"不存在，新入文件：http://img-1-sky-fs.skysrt.com/qqlive/img/jpgcache/files/qqvideo/hori/d/de2gegent7pknra_big.jpg",
	"http://cn-vmc-images.alicdn.com/vmac/10000000050E400059E42BA9859B5CAA880E59BB":"不存在，新入文件：http://img-1-sky-fs.skysrt.com/vmac/10000000050E400059E42BA9859B5CAA880E59BB",
	"http://cn-vmc-images.alicdn.com/vmac/10000000050C000059E42B9D859B5E048A007F3E":"不存在，新入文件：http://img-1-sky-fs.skysrt.com/vmac/10000000050C000059E42B9D859B5E048A007F3E"
	"http://i.gtimg.cn/qqlive/img/jpgcache/files/qqvideo/9/9a1xvi4xo4mk27a_x.jpg":"不存在，新入文件：http://img-1-sky-fs.skysrt.com/qqlive/img/jpgcache/files/qqvideo/9/9a1xvi4xo4mk27a_x.jpg",
	"http://i.gtimg.cn/qqlive/img/jpgcache/files/qqvideo/hori/9/9a1xvi4xo4mk27a_big.jpg":"不存在，新入文件：http://img-1-sky-fs.skysrt.com/qqlive/img/jpgcache/files/qqvideo/hori/9/9a1xvi4xo4mk27a_big.jpg",
	"http://cn-vmc-images.alicdn.com/vmac/10000000050E00005D1422A5425BD9189FB48628":"不存在，新入文件：http://img-1-sky-fs.skysrt.com/vmac/10000000050E00005D1422A5425BD9189FB48628",
	"http://cn-vmc-images.alicdn.com/vmac/10000000050C00005927C6F6ADBAC3733F0AB464":"不存在，新入文件：http://img-1-sky-fs.skysrt.com/vmac/10000000050C00005927C6F6ADBAC3733F0AB464",
	"http://i.gtimg.cn/qqlive/img/jpgcache/files/qqvideo/s/sw1xmh8gfazl1f1_x.jpg":"不存在，新入文件：http://img-1-sky-fs.skysrt.com/qqlive/img/jpgcache/files/qqvideo/s/sw1xmh8gfazl1f1_x.jpg",
	"http://i.gtimg.cn/qqlive/img/jpgcache/files/qqvideo/hori/s/sw1xmh8gfazl1f1_big.jpg":"不存在，新入文件：http://img-1-sky-fs.skysrt.com/qqlive/img/jpgcache/files/qqvideo/hori/s/sw1xmh8gfazl1f1_big.jpg",
	"http://cn-vmc-images.alicdn.com/vmac/10000000050E00005D369340425BD91F5B9845A0":"不存在，新入文件：http://img-1-sky-fs.skysrt.com/vmac/10000000050E00005D369340425BD91F5B9845A0",
	"http://cn-vmc-images.alicdn.com/vmac/10000000050C000059FFFFE7ADBC090301028B0C":"不存在，新入文件：http://img-1-sky-fs.skysrt.com/vmac/10000000050C000059FFFFE7ADBC090301028B0C",
	"http://i.gtimg.cn/qqlive/img/jpgcache/files/qqvideo/0/091nsg32nlaw6io_x.jpg":"不存在，新入文件：http://img-1-sky-fs.skysrt.com/qqlive/img/jpgcache/files/qqvideo/0/091nsg32nlaw6io_x.jpg",
	"http://i.gtimg.cn/qqlive/img/jpgcache/files/qqvideo/hori/0/091nsg32nlaw6io_big.jpg":"不存在，新入文件：http://img-1-sky-fs.skysrt.com/qqlive/img/jpgcache/files/qqvideo/hori/0/091nsg32nlaw6io_big.jpg",
	"http://cn-vmc-images.alicdn.com/vmac/10000000050E00005D369571425BD91F5B1F45D8":"不存在，新入文件：http://img-1-sky-fs.skysrt.com/vmac/10000000050E00005D369571425BD91F5B1F45D8",
	"http://cn-vmc-images.alicdn.com/vmac/10000000050C00005A0009F5AD881A541C03D81B":"不存在，新入文件：http://img-1-sky-fs.skysrt.com/vmac/10000000050C00005A0009F5AD881A541C03D81B",
	"http://i.gtimg.cn/qqlive/img/jpgcache/files/qqvideo/d/dc0j65m7osksoul_x.jpg":"不存在，新入文件：http://img-1-sky-fs.skysrt.com/qqlive/img/jpgcache/files/qqvideo/d/dc0j65m7osksoul_x.jpg",
	"http://i.gtimg.cn/qqlive/img/jpgcache/files/qqvideo/hori/d/dc0j65m7osksoul_big.jpg":"不存在，新入文件：http://img-1-sky-fs.skysrt.com/qqlive/img/jpgcache/files/qqvideo/hori/d/dc0j65m7osksoul_big.jpg",
	"http://cn-vmc-images.alicdn.com/vmac/10000000050E00005D0C693E1B76912B5409EF30":"不存在，新入文件：http://img-1-sky-fs.skysrt.com/vmac/10000000050E00005D0C693E1B76912B5409EF30",
	"http://cn-vmc-images.alicdn.com/vmac/10000000050C00005D0C693A1B769129FC0BD953":"不存在，新入文件：http://img-1-sky-fs.skysrt.com/vmac/10000000050C00005D0C693A1B769129FC0BD953"
	"http://i.gtimg.cn/qqlive/img/jpgcache/files/qqvideo/2/206a1zeom58r2cx_x.jpg":"不存在，新入文件：http://img-1-sky-fs.skysrt.com/qqlive/img/jpgcache/files/qqvideo/2/206a1zeom58r2cx_x.jpg",
	"http://i.gtimg.cn/qqlive/img/jpgcache/files/qqvideo/hori/2/206a1zeom58r2cx_big.jpg":"不存在，新入文件：http://img-1-sky-fs.skysrt.com/qqlive/img/jpgcache/files/qqvideo/hori/2/206a1zeom58r2cx_big.jpg",
	"http://cn-vmc-images.alicdn.com/vmac/10000000050E00005D0C95F6425BD933A573A2EA":"不存在，新入文件：http://img-1-sky-fs.skysrt.com/vmac/10000000050E00005D0C95F6425BD933A573A2EA",
	"http://cn-vmc-images.alicdn.com/vmac/10000000050C00005A30C637ADBDD3BD4A072716":"不存在，新入文件：http://img-1-sky-fs.skysrt.com/vmac/10000000050C00005A30C637ADBDD3BD4A072716",
	"http://i.gtimg.cn/qqlive/img/jpgcache/files/qqvideo/k/keb4n4lqg7pm20d_x.jpg":"不存在，新入文件：http://img-1-sky-fs.skysrt.com/qqlive/img/jpgcache/files/qqvideo/k/keb4n4lqg7pm20d_x.jpg",
	"http://i.gtimg.cn/qqlive/img/jpgcache/files/qqvideo/hori/k/keb4n4lqg7pm20d_big.jpg":"不存在，新入文件：http://img-1-sky-fs.skysrt.com/qqlive/img/jpgcache/files/qqvideo/hori/k/keb4n4lqg7pm20d_big.jpg",
	"http://cn-vmc-images.alicdn.com/vmac/10000000050E00005D369584425BD91F5BF749C2":"不存在，新入文件：http://img-1-sky-fs.skysrt.com/vmac/10000000050E00005D369584425BD91F5BF749C2",
	"http://cn-vmc-images.alicdn.com/vmac/10000000050C000059F82565ADBA1F049D0E1958":"不存在，新入文件：http://img-1-sky-fs.skysrt.com/vmac/10000000050C000059F82565ADBA1F049D0E1958",
	"http://i.gtimg.cn/qqlive/img/jpgcache/files/qqvideo/v/v5bumh1xxd9473k_x.jpg":"不存在，新入文件：http://img-1-sky-fs.skysrt.com/qqlive/img/jpgcache/files/qqvideo/v/v5bumh1xxd9473k_x.jpg",
	"http://i.gtimg.cn/qqlive/img/jpgcache/files/qqvideo/hori/v/v5bumh1xxd9473k_big.jpg":"不存在，新入文件：http://img-1-sky-fs.skysrt.com/qqlive/img/jpgcache/files/qqvideo/hori/v/v5bumh1xxd9473k_big.jpg",
	"http://cn-vmc-images.alicdn.com/vmac/10000000050E00005D3695DB425BD91F5B837873":"不存在，新入文件：http://img-1-sky-fs.skysrt.com/vmac/10000000050E00005D3695DB425BD91F5B837873",
	"http://cn-vmc-images.alicdn.com/vmac/10000000050C00005C33347AADB185CA66038A19":"不存在，新入文件：http://img-1-sky-fs.skysrt.com/vmac/10000000050C00005C33347AADB185CA66038A19",
	"http://i.gtimg.cn/qqlive/img/jpgcache/files/qqvideo/2/2k3rsittg6mqerl_x.jpg":"不存在，新入文件：http://img-1-sky-fs.skysrt.com/qqlive/img/jpgcache/files/qqvideo/2/2k3rsittg6mqerl_x.jpg",
	"http://i.gtimg.cn/qqlive/img/jpgcache/files/qqvideo/hori/2/2k3rsittg6mqerl_big.jpg":"不存在，新入文件：http://img-1-sky-fs.skysrt.com/qqlive/img/jpgcache/files/qqvideo/hori/2/2k3rsittg6mqerl_big.jpg",
	"http://cn-vmc-images.alicdn.com/vmac/10000000050E0000623C483B1FD852095BAB56FB":"不存在，新入文件：http://img-1-sky-fs.skysrt.com/vmac/10000000050E0000623C483B1FD852095BAB56FB",
	"http://cn-vmc-images.alicdn.com/vmac/10000000050C0000623C48421FD852095B8FAFC0":"不存在，新入文件：http://img-1-sky-fs.skysrt.com/vmac/10000000050C0000623C48421FD852095B8FAFC0",
	"http://i.gtimg.cn/qqlive/img/jpgcache/files/qqvideo/v/vato5wp1u5ag0ck_x.jpg":"不存在，新入文件：http://img-1-sky-fs.skysrt.com/qqlive/img/jpgcache/files/qqvideo/v/vato5wp1u5ag0ck_x.jpg",
	"http://i.gtimg.cn/qqlive/img/jpgcache/files/qqvideo/hori/v/vato5wp1u5ag0ck_big.jpg":"不存在，新入文件：http://img-1-sky-fs.skysrt.com/qqlive/img/jpgcache/files/qqvideo/hori/v/vato5wp1u5ag0ck_big.jpg",
	"http://cn-vmc-images.alicdn.com/vmac/10000000050E00005CFCE615859B5E5B7001A715":"不存在，新入文件：http://img-1-sky-fs.skysrt.com/vmac/10000000050E00005CFCE615859B5E5B7001A715",
	"http://cn-vmc-images.alicdn.com/vmac/10000000050C00005CFCE611859B5E5B7103EED7":"不存在，新入文件：http://img-1-sky-fs.skysrt.com/vmac/10000000050C00005CFCE611859B5E5B7103EED7",
	"http://i.gtimg.cn/qqlive/img/jpgcache/files/qqvideo/e/e8s4xf8l6ezf1h2_x.jpg":"不存在，新入文件：http://img-1-sky-fs.skysrt.com/qqlive/img/jpgcache/files/qqvideo/e/e8s4xf8l6ezf1h2_x.jpg",
	"http://i.gtimg.cn/qqlive/img/jpgcache/files/qqvideo/hori/e/e8s4xf8l6ezf1h2_big.jpg":"不存在，新入文件：http://img-1-sky-fs.skysrt.com/qqlive/img/jpgcache/files/qqvideo/hori/e/e8s4xf8l6ezf1h2_big.jpg",
	"http://cn-vmc-images.alicdn.com/vmac/10000000050E00005D0CA2801B76912B540D1F33":"不存在，新入文件：http://img-1-sky-fs.skysrt.com/vmac/10000000050E00005D0CA2801B76912B540D1F33",
	"http://cn-vmc-images.alicdn.com/vmac/10000000050C00005D0CA27D1B7691235A03D497":"不存在，新入文件：http://img-1-sky-fs.skysrt.com/vmac/10000000050C00005D0CA27D1B7691235A03D497"
